# JRE version: OpenJDK Runtime Environment (8.0_152-b01) (build 1.8.0_152-release-1248-b01)
# Java VM: OpenJDK 64-Bit Server VM (25.152-b01 mixed mode windows-amd64 compressed oops)
Heap:
 PSYoungGen      total 102400K, used 30509K [0x00000000d5f80000, 0x00000000deb80000, 0x0000000100000000)
  eden space 97280K, 31% used [0x00000000d5f80000,0x00000000d7d4b690,0x00000000dbe80000)
  from space 5120K, 0% used [0x00000000de180000,0x00000000de180000,0x00000000de680000)
  to   space 5120K, 0% used [0x00000000de680000,0x00000000de680000,0x00000000deb80000)
 ParOldGen       total 64512K, used 24822K [0x0000000081e00000, 0x0000000085d00000, 0x00000000d5f80000)
  object space 64512K, 38% used [0x0000000081e00000,0x000000008363db00,0x0000000085d00000)
 Metaspace       used 37497K, capacity 38083K, committed 38576K, reserved 1083392K
  class space    used 4791K, capacity 4944K, committed 5040K, reserved 1048576K
GC Heap History (10 events):
Event: 4.620 GC heap before
{Heap before GC invocations=3 (full 0):
 PSYoungGen      total 71680K, used 17460K [0x00000000d5f80000, 0x00000000daa80000, 0x0000000100000000)
  eden space 66560K, 18% used [0x00000000d5f80000,0x00000000d6b8ff18,0x00000000da080000)
  from space 5120K, 99% used [0x00000000da580000,0x00000000daa7d3a0,0x00000000daa80000)
  to   space 5120K, 0% used [0x00000000da080000,0x00000000da080000,0x00000000da580000)
 ParOldGen       total 87552K, used 8181K [0x0000000081e00000, 0x0000000087380000, 0x00000000d5f80000)
  object space 87552K, 9% used [0x0000000081e00000,0x00000000825fd440,0x0000000087380000)
 Metaspace       used 20791K, capacity 21126K, committed 21296K, reserved 1067008K
  class space    used 2714K, capacity 2835K, committed 2864K, reserved 1048576K
Event: 4.634 GC heap after
Heap after GC invocations=3 (full 0):
 PSYoungGen      total 71680K, used 5119K [0x00000000d5f80000, 0x00000000deb80000, 0x0000000100000000)
  eden space 66560K, 0% used [0x00000000d5f80000,0x00000000d5f80000,0x00000000da080000)
  from space 5120K, 99% used [0x00000000da080000,0x00000000da57fd80,0x00000000da580000)
  to   space 5120K, 0% used [0x00000000de680000,0x00000000de680000,0x00000000deb80000)
 ParOldGen       total 87552K, used 10827K [0x0000000081e00000, 0x0000000087380000, 0x00000000d5f80000)
  object space 87552K, 12% used [0x0000000081e00000,0x0000000082892f98,0x0000000087380000)
 Metaspace       used 20791K, capacity 21126K, committed 21296K, reserved 1067008K
  class space    used 2714K, capacity 2835K, committed 2864K, reserved 1048576K
}
Event: 4.634 GC heap before
{Heap before GC invocations=4 (full 1):
 PSYoungGen      total 71680K, used 5119K [0x00000000d5f80000, 0x00000000deb80000, 0x0000000100000000)
  eden space 66560K, 0% used [0x00000000d5f80000,0x00000000d5f80000,0x00000000da080000)
  from space 5120K, 99% used [0x00000000da080000,0x00000000da57fd80,0x00000000da580000)
  to   space 5120K, 0% used [0x00000000de680000,0x00000000de680000,0x00000000deb80000)
 ParOldGen       total 87552K, used 10827K [0x0000000081e00000, 0x0000000087380000, 0x00000000d5f80000)
  object space 87552K, 12% used [0x0000000081e00000,0x0000000082892f98,0x0000000087380000)
 Metaspace       used 20791K, capacity 21126K, committed 21296K, reserved 1067008K
  class space    used 2714K, capacity 2835K, committed 2864K, reserved 1048576K
Event: 4.714 GC heap after
Heap after GC invocations=4 (full 1):
 PSYoungGen      total 71680K, used 0K [0x00000000d5f80000, 0x00000000deb80000, 0x0000000100000000)
  eden space 66560K, 0% used [0x00000000d5f80000,0x00000000d5f80000,0x00000000da080000)
  from space 5120K, 0% used [0x00000000da080000,0x00000000da080000,0x00000000da580000)
  to   space 5120K, 0% used [0x00000000de680000,0x00000000de680000,0x00000000deb80000)
 ParOldGen       total 64512K, used 7807K [0x0000000081e00000, 0x0000000085d00000, 0x00000000d5f80000)
  object space 64512K, 12% used [0x0000000081e00000,0x000000008259ff28,0x0000000085d00000)
 Metaspace       used 20791K, capacity 21126K, committed 21296K, reserved 1067008K
  class space    used 2714K, capacity 2835K, committed 2864K, reserved 1048576K
}
Event: 7.683 GC heap before
{Heap before GC invocations=5 (full 1):
 PSYoungGen      total 71680K, used 66560K [0x00000000d5f80000, 0x00000000deb80000, 0x0000000100000000)
  eden space 66560K, 100% used [0x00000000d5f80000,0x00000000da080000,0x00000000da080000)
  from space 5120K, 0% used [0x00000000da080000,0x00000000da080000,0x00000000da580000)
  to   space 5120K, 0% used [0x00000000de680000,0x00000000de680000,0x00000000deb80000)
 ParOldGen       total 64512K, used 7807K [0x0000000081e00000, 0x0000000085d00000, 0x00000000d5f80000)
  object space 64512K, 12% used [0x0000000081e00000,0x000000008259ff28,0x0000000085d00000)
 Metaspace       used 29360K, capacity 29812K, committed 30256K, reserved 1075200K
  class space    used 3865K, capacity 4028K, committed 4144K, reserved 1048576K
Event: 7.708 GC heap after
Heap after GC invocations=5 (full 1):
 PSYoungGen      total 102400K, used 5118K [0x00000000d5f80000, 0x00000000deb80000, 0x0000000100000000)
  eden space 97280K, 0% used [0x00000000d5f80000,0x00000000d5f80000,0x00000000dbe80000)
  from space 5120K, 99% used [0x00000000de680000,0x00000000deb7fb18,0x00000000deb80000)
  to   space 5120K, 0% used [0x00000000de180000,0x00000000de180000,0x00000000de680000)
 ParOldGen       total 64512K, used 20077K [0x0000000081e00000, 0x0000000085d00000, 0x00000000d5f80000)
  object space 64512K, 31% used [0x0000000081e00000,0x000000008319b6d8,0x0000000085d00000)
 Metaspace       used 29360K, capacity 29812K, committed 30256K, reserved 1075200K
  class space    used 3865K, capacity 4028K, committed 4144K, reserved 1048576K
}
Event: 9.231 GC heap before
{Heap before GC invocations=6 (full 1):
 PSYoungGen      total 102400K, used 52800K [0x00000000d5f80000, 0x00000000deb80000, 0x0000000100000000)
  eden space 97280K, 49% used [0x00000000d5f80000,0x00000000d8e10720,0x00000000dbe80000)
  from space 5120K, 99% used [0x00000000de680000,0x00000000deb7fb18,0x00000000deb80000)
  to   space 5120K, 0% used [0x00000000de180000,0x00000000de180000,0x00000000de680000)
 ParOldGen       total 64512K, used 20077K [0x0000000081e00000, 0x0000000085d00000, 0x00000000d5f80000)
  object space 64512K, 31% used [0x0000000081e00000,0x000000008319b6d8,0x0000000085d00000)
 Metaspace       used 34714K, capacity 35213K, committed 35496K, reserved 1081344K
  class space    used 4500K, capacity 4635K, committed 4656K, reserved 1048576K
Event: 9.250 GC heap after
Heap after GC invocations=6 (full 1):
 PSYoungGen      total 102400K, used 5118K [0x00000000d5f80000, 0x00000000deb80000, 0x0000000100000000)
  eden space 97280K, 0% used [0x00000000d5f80000,0x00000000d5f80000,0x00000000dbe80000)
  from space 5120K, 99% used [0x00000000de180000,0x00000000de67fb18,0x00000000de680000)
  to   space 5120K, 0% used [0x00000000de680000,0x00000000de680000,0x00000000deb80000)
 ParOldGen       total 64512K, used 30533K [0x0000000081e00000, 0x0000000085d00000, 0x00000000d5f80000)
  object space 64512K, 47% used [0x0000000081e00000,0x0000000083bd1568,0x0000000085d00000)
 Metaspace       used 34714K, capacity 35213K, committed 35496K, reserved 1081344K
  class space    used 4500K, capacity 4635K, committed 4656K, reserved 1048576K
}
Event: 9.251 GC heap before
{Heap before GC invocations=7 (full 2):
 PSYoungGen      total 102400K, used 5118K [0x00000000d5f80000, 0x00000000deb80000, 0x0000000100000000)
  eden space 97280K, 0% used [0x00000000d5f80000,0x00000000d5f80000,0x00000000dbe80000)
  from space 5120K, 99% used [0x00000000de180000,0x00000000de67fb18,0x00000000de680000)
  to   space 5120K, 0% used [0x00000000de680000,0x00000000de680000,0x00000000deb80000)
 ParOldGen       total 64512K, used 30533K [0x0000000081e00000, 0x0000000085d00000, 0x00000000d5f80000)
  object space 64512K, 47% used [0x0000000081e00000,0x0000000083bd1568,0x0000000085d00000)
 Metaspace       used 34714K, capacity 35213K, committed 35496K, reserved 1081344K
  class space    used 4500K, capacity 4635K, committed 4656K, reserved 1048576K
Event: 9.382 GC heap after
Heap after GC invocations=7 (full 2):
 PSYoungGen      total 102400K, used 0K [0x00000000d5f80000, 0x00000000deb80000, 0x0000000100000000)
  eden space 97280K, 0% used [0x00000000d5f80000,0x00000000d5f80000,0x00000000dbe80000)
  from space 5120K, 0% used [0x00000000de180000,0x00000000de180000,0x00000000de680000)
  to   space 5120K, 0% used [0x00000000de680000,0x00000000de680000,0x00000000deb80000)
 ParOldGen       total 64512K, used 24822K [0x0000000081e00000, 0x0000000085d00000, 0x00000000d5f80000)
  object space 64512K, 38% used [0x0000000081e00000,0x000000008363db00,0x0000000085d00000)
 Metaspace       used 34714K, capacity 35213K, committed 35496K, reserved 1081344K
  class space    used 4500K, capacity 4635K, committed 4656K, reserved 1048576K
}

