# JRE version: OpenJDK Runtime Environment (8.0_152-b01) (build 1.8.0_152-release-1248-b01)
# Java VM: OpenJDK 64-Bit Server VM (25.152-b01 mixed mode windows-amd64 compressed oops)
Heap:
 PSYoungGen      total 295424K, used 124769K [0x00000000e0000000, 0x00000000f9980000, 0x0000000100000000)
  eden space 242688K, 43% used [0x00000000e0000000,0x00000000e673c8d0,0x00000000eed00000)
  from space 52736K, 36% used [0x00000000eed00000,0x00000000eff9bd78,0x00000000f2080000)
  to   space 50688K, 0% used [0x00000000f6800000,0x00000000f6800000,0x00000000f9980000)
 ParOldGen       total 171520K, used 106878K [0x00000000a0000000, 0x00000000aa780000, 0x00000000e0000000)
  object space 171520K, 62% used [0x00000000a0000000,0x00000000a685fa48,0x00000000aa780000)
 Metaspace       used 62138K, capacity 63727K, committed 64024K, reserved 1105920K
  class space    used 7493K, capacity 7880K, committed 7976K, reserved 1048576K
GC Heap History (10 events):
Event: 10.800 GC heap before
{Heap before GC invocations=17 (full 4):
 PSYoungGen      total 190976K, used 20699K [0x00000000e0000000, 0x00000000f2000000, 0x0000000100000000)
  eden space 134656K, 0% used [0x00000000e0000000,0x00000000e0000000,0x00000000e8380000)
  from space 56320K, 36% used [0x00000000e8380000,0x00000000e97b6fb0,0x00000000eba80000)
  to   space 53248K, 0% used [0x00000000eec00000,0x00000000eec00000,0x00000000f2000000)
 ParOldGen       total 117248K, used 97434K [0x00000000a0000000, 0x00000000a7280000, 0x00000000e0000000)
  object space 117248K, 83% used [0x00000000a0000000,0x00000000a5f26998,0x00000000a7280000)
 Metaspace       used 57884K, capacity 59041K, committed 59160K, reserved 1101824K
  class space    used 7183K, capacity 7457K, committed 7464K, reserved 1048576K
Event: 10.920 GC heap after
Heap after GC invocations=17 (full 4):
 PSYoungGen      total 190976K, used 0K [0x00000000e0000000, 0x00000000f2000000, 0x0000000100000000)
  eden space 134656K, 0% used [0x00000000e0000000,0x00000000e0000000,0x00000000e8380000)
  from space 56320K, 0% used [0x00000000e8380000,0x00000000e8380000,0x00000000eba80000)
  to   space 53248K, 0% used [0x00000000eec00000,0x00000000eec00000,0x00000000f2000000)
 ParOldGen       total 171520K, used 50385K [0x00000000a0000000, 0x00000000aa780000, 0x00000000e0000000)
  object space 171520K, 29% used [0x00000000a0000000,0x00000000a31347b0,0x00000000aa780000)
 Metaspace       used 57884K, capacity 59041K, committed 59160K, reserved 1101824K
  class space    used 7183K, capacity 7457K, committed 7464K, reserved 1048576K
}
Event: 78.699 GC heap before
{Heap before GC invocations=18 (full 4):
 PSYoungGen      total 190976K, used 134656K [0x00000000e0000000, 0x00000000f2000000, 0x0000000100000000)
  eden space 134656K, 100% used [0x00000000e0000000,0x00000000e8380000,0x00000000e8380000)
  from space 56320K, 0% used [0x00000000e8380000,0x00000000e8380000,0x00000000eba80000)
  to   space 53248K, 0% used [0x00000000eec00000,0x00000000eec00000,0x00000000f2000000)
 ParOldGen       total 171520K, used 50385K [0x00000000a0000000, 0x00000000aa780000, 0x00000000e0000000)
  object space 171520K, 29% used [0x00000000a0000000,0x00000000a31347b0,0x00000000aa780000)
 Metaspace       used 59603K, capacity 60935K, committed 61208K, reserved 1103872K
  class space    used 7344K, capacity 7676K, committed 7720K, reserved 1048576K
Event: 78.749 GC heap after
Heap after GC invocations=18 (full 4):
 PSYoungGen      total 229376K, used 24565K [0x00000000e0000000, 0x00000000f1780000, 0x0000000100000000)
  eden space 184832K, 0% used [0x00000000e0000000,0x00000000e0000000,0x00000000eb480000)
  from space 44544K, 55% used [0x00000000eec00000,0x00000000f03fd488,0x00000000f1780000)
  to   space 50688K, 0% used [0x00000000eb480000,0x00000000eb480000,0x00000000ee600000)
 ParOldGen       total 171520K, used 50393K [0x00000000a0000000, 0x00000000aa780000, 0x00000000e0000000)
  object space 171520K, 29% used [0x00000000a0000000,0x00000000a31367b0,0x00000000aa780000)
 Metaspace       used 59603K, capacity 60935K, committed 61208K, reserved 1103872K
  class space    used 7344K, capacity 7676K, committed 7720K, reserved 1048576K
}
Event: 1083.270 GC heap before
{Heap before GC invocations=19 (full 4):
 PSYoungGen      total 229376K, used 209397K [0x00000000e0000000, 0x00000000f1780000, 0x0000000100000000)
  eden space 184832K, 100% used [0x00000000e0000000,0x00000000eb480000,0x00000000eb480000)
  from space 44544K, 55% used [0x00000000eec00000,0x00000000f03fd488,0x00000000f1780000)
  to   space 50688K, 0% used [0x00000000eb480000,0x00000000eb480000,0x00000000ee600000)
 ParOldGen       total 171520K, used 50393K [0x00000000a0000000, 0x00000000aa780000, 0x00000000e0000000)
  object space 171520K, 29% used [0x00000000a0000000,0x00000000a31367b0,0x00000000aa780000)
 Metaspace       used 60615K, capacity 62037K, committed 62360K, reserved 1103872K
  class space    used 7412K, capacity 7761K, committed 7848K, reserved 1048576K
Event: 1083.307 GC heap after
Heap after GC invocations=19 (full 4):
 PSYoungGen      total 235520K, used 17258K [0x00000000e0000000, 0x00000000f5080000, 0x0000000100000000)
  eden space 184832K, 0% used [0x00000000e0000000,0x00000000e0000000,0x00000000eb480000)
  from space 50688K, 34% used [0x00000000eb480000,0x00000000ec55a8a8,0x00000000ee600000)
  to   space 49152K, 0% used [0x00000000f2080000,0x00000000f2080000,0x00000000f5080000)
 ParOldGen       total 171520K, used 57860K [0x00000000a0000000, 0x00000000aa780000, 0x00000000e0000000)
  object space 171520K, 33% used [0x00000000a0000000,0x00000000a3881280,0x00000000aa780000)
 Metaspace       used 60615K, capacity 62037K, committed 62360K, reserved 1103872K
  class space    used 7412K, capacity 7761K, committed 7848K, reserved 1048576K
}
Event: 1084.523 GC heap before
{Heap before GC invocations=20 (full 4):
 PSYoungGen      total 235520K, used 202090K [0x00000000e0000000, 0x00000000f5080000, 0x0000000100000000)
  eden space 184832K, 100% used [0x00000000e0000000,0x00000000eb480000,0x00000000eb480000)
  from space 50688K, 34% used [0x00000000eb480000,0x00000000ec55a8a8,0x00000000ee600000)
  to   space 49152K, 0% used [0x00000000f2080000,0x00000000f2080000,0x00000000f5080000)
 ParOldGen       total 171520K, used 57860K [0x00000000a0000000, 0x00000000aa780000, 0x00000000e0000000)
  object space 171520K, 33% used [0x00000000a0000000,0x00000000a3881280,0x00000000aa780000)
 Metaspace       used 61174K, capacity 62601K, committed 62872K, reserved 1103872K
  class space    used 7417K, capacity 7765K, committed 7848K, reserved 1048576K
Event: 1084.577 GC heap after
Heap after GC invocations=20 (full 4):
 PSYoungGen      total 291840K, used 39977K [0x00000000e0000000, 0x00000000f5b00000, 0x0000000100000000)
  eden space 242688K, 0% used [0x00000000e0000000,0x00000000e0000000,0x00000000eed00000)
  from space 49152K, 81% used [0x00000000f2080000,0x00000000f478a640,0x00000000f5080000)
  to   space 52736K, 0% used [0x00000000eed00000,0x00000000eed00000,0x00000000f2080000)
 ParOldGen       total 171520K, used 68947K [0x00000000a0000000, 0x00000000aa780000, 0x00000000e0000000)
  object space 171520K, 40% used [0x00000000a0000000,0x00000000a4354c38,0x00000000aa780000)
 Metaspace       used 61174K, capacity 62601K, committed 62872K, reserved 1103872K
  class space    used 7417K, capacity 7765K, committed 7848K, reserved 1048576K
}
Event: 1840.743 GC heap before
{Heap before GC invocations=21 (full 4):
 PSYoungGen      total 291840K, used 282665K [0x00000000e0000000, 0x00000000f5b00000, 0x0000000100000000)
  eden space 242688K, 100% used [0x00000000e0000000,0x00000000eed00000,0x00000000eed00000)
  from space 49152K, 81% used [0x00000000f2080000,0x00000000f478a640,0x00000000f5080000)
  to   space 52736K, 0% used [0x00000000eed00000,0x00000000eed00000,0x00000000f2080000)
 ParOldGen       total 171520K, used 68947K [0x00000000a0000000, 0x00000000aa780000, 0x00000000e0000000)
  object space 171520K, 40% used [0x00000000a0000000,0x00000000a4354c38,0x00000000aa780000)
 Metaspace       used 61950K, capacity 63599K, committed 63768K, reserved 1105920K
  class space    used 7474K, capacity 7880K, committed 7976K, reserved 1048576K
Event: 1840.916 GC heap after
Heap after GC invocations=21 (full 4):
 PSYoungGen      total 295424K, used 19055K [0x00000000e0000000, 0x00000000f9980000, 0x0000000100000000)
  eden space 242688K, 0% used [0x00000000e0000000,0x00000000e0000000,0x00000000eed00000)
  from space 52736K, 36% used [0x00000000eed00000,0x00000000eff9bd78,0x00000000f2080000)
  to   space 50688K, 0% used [0x00000000f6800000,0x00000000f6800000,0x00000000f9980000)
 ParOldGen       total 171520K, used 106878K [0x00000000a0000000, 0x00000000aa780000, 0x00000000e0000000)
  object space 171520K, 62% used [0x00000000a0000000,0x00000000a685fa48,0x00000000aa780000)
 Metaspace       used 61950K, capacity 63599K, committed 63768K, reserved 1105920K
  class space    used 7474K, capacity 7880K, committed 7976K, reserved 1048576K
}

