# JRE version: OpenJDK Runtime Environment (8.0_152-b01) (build 1.8.0_152-release-1248-b01)
# Java VM: OpenJDK 64-Bit Server VM (25.152-b01 mixed mode windows-amd64 compressed oops)
Heap:
 PSYoungGen      total 93696K, used 72107K [0x00000000e0000000, 0x00000000e7380000, 0x0000000100000000)
  eden space 77824K, 72% used [0x00000000e0000000,0x00000000e36edd88,0x00000000e4c00000)
  from space 15872K, 99% used [0x00000000e5e80000,0x00000000e6dfd1e8,0x00000000e6e00000)
  to   space 18944K, 0% used [0x00000000e4c00000,0x00000000e4c00000,0x00000000e5e80000)
 ParOldGen       total 116224K, used 19800K [0x00000000a0000000, 0x00000000a7180000, 0x00000000e0000000)
  object space 116224K, 17% used [0x00000000a0000000,0x00000000a1356390,0x00000000a7180000)
 Metaspace       used 50481K, capacity 51479K, committed 51712K, reserved 1093632K
  class space    used 6520K, capacity 6804K, committed 6912K, reserved 1048576K
GC Heap History (10 events):
Event: 16.457 GC heap before
{Heap before GC invocations=7 (full 2):
 PSYoungGen      total 47104K, used 47103K [0x00000000e0000000, 0x00000000e4b00000, 0x0000000100000000)
  eden space 41984K, 100% used [0x00000000e0000000,0x00000000e2900000,0x00000000e2900000)
  from space 5120K, 99% used [0x00000000e4600000,0x00000000e4affc00,0x00000000e4b00000)
  to   space 5120K, 0% used [0x00000000e4100000,0x00000000e4100000,0x00000000e4600000)
 ParOldGen       total 73216K, used 13341K [0x00000000a0000000, 0x00000000a4780000, 0x00000000e0000000)
  object space 73216K, 18% used [0x00000000a0000000,0x00000000a0d07548,0x00000000a4780000)
 Metaspace       used 32160K, capacity 32669K, committed 33024K, reserved 1077248K
  class space    used 4128K, capacity 4289K, committed 4352K, reserved 1048576K
Event: 16.477 GC heap after
Heap after GC invocations=7 (full 2):
 PSYoungGen      total 59904K, used 5106K [0x00000000e0000000, 0x00000000e4680000, 0x0000000100000000)
  eden space 54784K, 0% used [0x00000000e0000000,0x00000000e0000000,0x00000000e3580000)
  from space 5120K, 99% used [0x00000000e4100000,0x00000000e45fcb38,0x00000000e4600000)
  to   space 512K, 0% used [0x00000000e4600000,0x00000000e4600000,0x00000000e4680000)
 ParOldGen       total 73216K, used 22157K [0x00000000a0000000, 0x00000000a4780000, 0x00000000e0000000)
  object space 73216K, 30% used [0x00000000a0000000,0x00000000a15a37d0,0x00000000a4780000)
 Metaspace       used 32160K, capacity 32669K, committed 33024K, reserved 1077248K
  class space    used 4128K, capacity 4289K, committed 4352K, reserved 1048576K
}
Event: 16.936 GC heap before
{Heap before GC invocations=8 (full 2):
 PSYoungGen      total 59904K, used 21985K [0x00000000e0000000, 0x00000000e4680000, 0x0000000100000000)
  eden space 54784K, 30% used [0x00000000e0000000,0x00000000e107b900,0x00000000e3580000)
  from space 5120K, 99% used [0x00000000e4100000,0x00000000e45fcb38,0x00000000e4600000)
  to   space 512K, 0% used [0x00000000e4600000,0x00000000e4600000,0x00000000e4680000)
 ParOldGen       total 73216K, used 22157K [0x00000000a0000000, 0x00000000a4780000, 0x00000000e0000000)
  object space 73216K, 30% used [0x00000000a0000000,0x00000000a15a37d0,0x00000000a4780000)
 Metaspace       used 34769K, capacity 35243K, committed 35456K, reserved 1079296K
  class space    used 4507K, capacity 4676K, committed 4736K, reserved 1048576K
Event: 16.949 GC heap after
Heap after GC invocations=8 (full 2):
 PSYoungGen      total 57344K, used 480K [0x00000000e0000000, 0x00000000e6580000, 0x0000000100000000)
  eden space 56832K, 0% used [0x00000000e0000000,0x00000000e0000000,0x00000000e3780000)
  from space 512K, 93% used [0x00000000e4600000,0x00000000e4678020,0x00000000e4680000)
  to   space 14848K, 0% used [0x00000000e3780000,0x00000000e3780000,0x00000000e4600000)
 ParOldGen       total 73216K, used 30896K [0x00000000a0000000, 0x00000000a4780000, 0x00000000e0000000)
  object space 73216K, 42% used [0x00000000a0000000,0x00000000a1e2c328,0x00000000a4780000)
 Metaspace       used 34769K, capacity 35243K, committed 35456K, reserved 1079296K
  class space    used 4507K, capacity 4676K, committed 4736K, reserved 1048576K
}
Event: 16.949 GC heap before
{Heap before GC invocations=9 (full 3):
 PSYoungGen      total 57344K, used 480K [0x00000000e0000000, 0x00000000e6580000, 0x0000000100000000)
  eden space 56832K, 0% used [0x00000000e0000000,0x00000000e0000000,0x00000000e3780000)
  from space 512K, 93% used [0x00000000e4600000,0x00000000e4678020,0x00000000e4680000)
  to   space 14848K, 0% used [0x00000000e3780000,0x00000000e3780000,0x00000000e4600000)
 ParOldGen       total 73216K, used 30896K [0x00000000a0000000, 0x00000000a4780000, 0x00000000e0000000)
  object space 73216K, 42% used [0x00000000a0000000,0x00000000a1e2c328,0x00000000a4780000)
 Metaspace       used 34769K, capacity 35243K, committed 35456K, reserved 1079296K
  class space    used 4507K, capacity 4676K, committed 4736K, reserved 1048576K
Event: 17.088 GC heap after
Heap after GC invocations=9 (full 3):
 PSYoungGen      total 57344K, used 0K [0x00000000e0000000, 0x00000000e6580000, 0x0000000100000000)
  eden space 56832K, 0% used [0x00000000e0000000,0x00000000e0000000,0x00000000e3780000)
  from space 512K, 0% used [0x00000000e4600000,0x00000000e4600000,0x00000000e4680000)
  to   space 14848K, 0% used [0x00000000e3780000,0x00000000e3780000,0x00000000e4600000)
 ParOldGen       total 116224K, used 17563K [0x00000000a0000000, 0x00000000a7180000, 0x00000000e0000000)
  object space 116224K, 15% used [0x00000000a0000000,0x00000000a1126c68,0x00000000a7180000)
 Metaspace       used 34769K, capacity 35243K, committed 35456K, reserved 1079296K
  class space    used 4507K, capacity 4676K, committed 4736K, reserved 1048576K
}
Event: 18.653 GC heap before
{Heap before GC invocations=10 (full 3):
 PSYoungGen      total 57344K, used 56832K [0x00000000e0000000, 0x00000000e6580000, 0x0000000100000000)
  eden space 56832K, 100% used [0x00000000e0000000,0x00000000e3780000,0x00000000e3780000)
  from space 512K, 0% used [0x00000000e4600000,0x00000000e4600000,0x00000000e4680000)
  to   space 14848K, 0% used [0x00000000e3780000,0x00000000e3780000,0x00000000e4600000)
 ParOldGen       total 116224K, used 17563K [0x00000000a0000000, 0x00000000a7180000, 0x00000000e0000000)
  object space 116224K, 15% used [0x00000000a0000000,0x00000000a1126c68,0x00000000a7180000)
 Metaspace       used 40657K, capacity 41339K, committed 41600K, reserved 1085440K
  class space    used 5245K, capacity 5426K, committed 5504K, reserved 1048576K
Event: 18.672 GC heap after
Heap after GC invocations=10 (full 3):
 PSYoungGen      total 71680K, used 12376K [0x00000000e0000000, 0x00000000e6e00000, 0x0000000100000000)
  eden space 56832K, 0% used [0x00000000e0000000,0x00000000e0000000,0x00000000e3780000)
  from space 14848K, 83% used [0x00000000e3780000,0x00000000e4396080,0x00000000e4600000)
  to   space 15872K, 0% used [0x00000000e5e80000,0x00000000e5e80000,0x00000000e6e00000)
 ParOldGen       total 116224K, used 17624K [0x00000000a0000000, 0x00000000a7180000, 0x00000000e0000000)
  object space 116224K, 15% used [0x00000000a0000000,0x00000000a11360c8,0x00000000a7180000)
 Metaspace       used 40657K, capacity 41339K, committed 41600K, reserved 1085440K
  class space    used 5245K, capacity 5426K, committed 5504K, reserved 1048576K
}
Event: 20.454 GC heap before
{Heap before GC invocations=11 (full 3):
 PSYoungGen      total 71680K, used 67573K [0x00000000e0000000, 0x00000000e6e00000, 0x0000000100000000)
  eden space 56832K, 97% used [0x00000000e0000000,0x00000000e35e75e0,0x00000000e3780000)
  from space 14848K, 83% used [0x00000000e3780000,0x00000000e4396080,0x00000000e4600000)
  to   space 15872K, 0% used [0x00000000e5e80000,0x00000000e5e80000,0x00000000e6e00000)
 ParOldGen       total 116224K, used 17624K [0x00000000a0000000, 0x00000000a7180000, 0x00000000e0000000)
  object space 116224K, 15% used [0x00000000a0000000,0x00000000a11360c8,0x00000000a7180000)
 Metaspace       used 44140K, capacity 44905K, committed 45056K, reserved 1089536K
  class space    used 5625K, capacity 5809K, committed 5888K, reserved 1048576K
Event: 20.475 GC heap after
Heap after GC invocations=11 (full 3):
 PSYoungGen      total 93696K, used 15860K [0x00000000e0000000, 0x00000000e7380000, 0x0000000100000000)
  eden space 77824K, 0% used [0x00000000e0000000,0x00000000e0000000,0x00000000e4c00000)
  from space 15872K, 99% used [0x00000000e5e80000,0x00000000e6dfd1e8,0x00000000e6e00000)
  to   space 18944K, 0% used [0x00000000e4c00000,0x00000000e4c00000,0x00000000e5e80000)
 ParOldGen       total 116224K, used 19800K [0x00000000a0000000, 0x00000000a7180000, 0x00000000e0000000)
  object space 116224K, 17% used [0x00000000a0000000,0x00000000a1356390,0x00000000a7180000)
 Metaspace       used 44140K, capacity 44905K, committed 45056K, reserved 1089536K
  class space    used 5625K, capacity 5809K, committed 5888K, reserved 1048576K
}

