# JRE version: OpenJDK Runtime Environment (8.0_152-b01) (build 1.8.0_152-release-1248-b01)
# Java VM: OpenJDK 64-Bit Server VM (25.152-b01 mixed mode windows-amd64 compressed oops)
Heap:
 PSYoungGen      total 282624K, used 48258K [0x00000000e0000000, 0x00000000f3100000, 0x0000000100000000)
  eden space 252928K, 13% used [0x00000000e0000000,0x00000000e220a9d8,0x00000000ef700000)
  from space 29696K, 45% used [0x00000000ef700000,0x00000000f0416098,0x00000000f1400000)
  to   space 28160K, 0% used [0x00000000f1580000,0x00000000f1580000,0x00000000f3100000)
 ParOldGen       total 300544K, used 124206K [0x00000000a0000000, 0x00000000b2580000, 0x00000000e0000000)
  object space 300544K, 41% used [0x00000000a0000000,0x00000000a794b9a8,0x00000000b2580000)
 Metaspace       used 105311K, capacity 112351K, committed 112664K, reserved 1146880K
  class space    used 13079K, capacity 14329K, committed 14384K, reserved 1048576K
GC Heap History (10 events):
Event: 17292.680 GC heap before
{Heap before GC invocations=142 (full 7):
 PSYoungGen      total 250880K, used 234671K [0x00000000e0000000, 0x00000000f1780000, 0x0000000100000000)
  eden space 218624K, 99% used [0x00000000e0000000,0x00000000ed572088,0x00000000ed580000)
  from space 32256K, 49% used [0x00000000ef800000,0x00000000f07b9d78,0x00000000f1780000)
  to   space 33792K, 0% used [0x00000000ed580000,0x00000000ed580000,0x00000000ef680000)
 ParOldGen       total 300544K, used 119626K [0x00000000a0000000, 0x00000000b2580000, 0x00000000e0000000)
  object space 300544K, 39% used [0x00000000a0000000,0x00000000a74d2b90,0x00000000b2580000)
 Metaspace       used 105168K, capacity 112161K, committed 112408K, reserved 1146880K
  class space    used 13067K, capacity 14292K, committed 14384K, reserved 1048576K
Event: 17292.694 GC heap after
Heap after GC invocations=142 (full 7):
 PSYoungGen      total 252416K, used 16652K [0x00000000e0000000, 0x00000000f2380000, 0x0000000100000000)
  eden space 218624K, 0% used [0x00000000e0000000,0x00000000e0000000,0x00000000ed580000)
  from space 33792K, 49% used [0x00000000ed580000,0x00000000ee5c3268,0x00000000ef680000)
  to   space 32256K, 0% used [0x00000000f0400000,0x00000000f0400000,0x00000000f2380000)
 ParOldGen       total 300544K, used 119634K [0x00000000a0000000, 0x00000000b2580000, 0x00000000e0000000)
  object space 300544K, 39% used [0x00000000a0000000,0x00000000a74d4b90,0x00000000b2580000)
 Metaspace       used 105168K, capacity 112161K, committed 112408K, reserved 1146880K
  class space    used 13067K, capacity 14292K, committed 14384K, reserved 1048576K
}
Event: 17292.960 GC heap before
{Heap before GC invocations=143 (full 7):
 PSYoungGen      total 252416K, used 235276K [0x00000000e0000000, 0x00000000f2380000, 0x0000000100000000)
  eden space 218624K, 100% used [0x00000000e0000000,0x00000000ed580000,0x00000000ed580000)
  from space 33792K, 49% used [0x00000000ed580000,0x00000000ee5c3268,0x00000000ef680000)
  to   space 32256K, 0% used [0x00000000f0400000,0x00000000f0400000,0x00000000f2380000)
 ParOldGen       total 300544K, used 119634K [0x00000000a0000000, 0x00000000b2580000, 0x00000000e0000000)
  object space 300544K, 39% used [0x00000000a0000000,0x00000000a74d4b90,0x00000000b2580000)
 Metaspace       used 105168K, capacity 112161K, committed 112408K, reserved 1146880K
  class space    used 13067K, capacity 14292K, committed 14384K, reserved 1048576K
Event: 17292.968 GC heap after
Heap after GC invocations=143 (full 7):
 PSYoungGen      total 267264K, used 14092K [0x00000000e0000000, 0x00000000f2600000, 0x0000000100000000)
  eden space 235008K, 0% used [0x00000000e0000000,0x00000000e0000000,0x00000000ee580000)
  from space 32256K, 43% used [0x00000000f0400000,0x00000000f11c3108,0x00000000f2380000)
  to   space 31232K, 0% used [0x00000000ee580000,0x00000000ee580000,0x00000000f0400000)
 ParOldGen       total 300544K, used 119634K [0x00000000a0000000, 0x00000000b2580000, 0x00000000e0000000)
  object space 300544K, 39% used [0x00000000a0000000,0x00000000a74d4b90,0x00000000b2580000)
 Metaspace       used 105168K, capacity 112161K, committed 112408K, reserved 1146880K
  class space    used 13067K, capacity 14292K, committed 14384K, reserved 1048576K
}
Event: 18080.994 GC heap before
{Heap before GC invocations=144 (full 7):
 PSYoungGen      total 267264K, used 249100K [0x00000000e0000000, 0x00000000f2600000, 0x0000000100000000)
  eden space 235008K, 100% used [0x00000000e0000000,0x00000000ee580000,0x00000000ee580000)
  from space 32256K, 43% used [0x00000000f0400000,0x00000000f11c3108,0x00000000f2380000)
  to   space 31232K, 0% used [0x00000000ee580000,0x00000000ee580000,0x00000000f0400000)
 ParOldGen       total 300544K, used 119634K [0x00000000a0000000, 0x00000000b2580000, 0x00000000e0000000)
  object space 300544K, 39% used [0x00000000a0000000,0x00000000a74d4b90,0x00000000b2580000)
 Metaspace       used 105229K, capacity 112279K, committed 112408K, reserved 1146880K
  class space    used 13072K, capacity 14327K, committed 14384K, reserved 1048576K
Event: 18081.008 GC heap after
Heap after GC invocations=144 (full 7):
 PSYoungGen      total 266240K, used 11558K [0x00000000e0000000, 0x00000000f3400000, 0x0000000100000000)
  eden space 235008K, 0% used [0x00000000e0000000,0x00000000e0000000,0x00000000ee580000)
  from space 31232K, 37% used [0x00000000ee580000,0x00000000ef0c9ae0,0x00000000f0400000)
  to   space 31232K, 0% used [0x00000000f1580000,0x00000000f1580000,0x00000000f3400000)
 ParOldGen       total 300544K, used 123778K [0x00000000a0000000, 0x00000000b2580000, 0x00000000e0000000)
  object space 300544K, 41% used [0x00000000a0000000,0x00000000a78e0950,0x00000000b2580000)
 Metaspace       used 105229K, capacity 112279K, committed 112408K, reserved 1146880K
  class space    used 13072K, capacity 14327K, committed 14384K, reserved 1048576K
}
Event: 18082.669 GC heap before
{Heap before GC invocations=145 (full 7):
 PSYoungGen      total 266240K, used 245647K [0x00000000e0000000, 0x00000000f3400000, 0x0000000100000000)
  eden space 235008K, 99% used [0x00000000e0000000,0x00000000ee49a460,0x00000000ee580000)
  from space 31232K, 37% used [0x00000000ee580000,0x00000000ef0c9ae0,0x00000000f0400000)
  to   space 31232K, 0% used [0x00000000f1580000,0x00000000f1580000,0x00000000f3400000)
 ParOldGen       total 300544K, used 123778K [0x00000000a0000000, 0x00000000b2580000, 0x00000000e0000000)
  object space 300544K, 41% used [0x00000000a0000000,0x00000000a78e0950,0x00000000b2580000)
 Metaspace       used 105239K, capacity 112287K, committed 112408K, reserved 1146880K
  class space    used 13073K, capacity 14329K, committed 14384K, reserved 1048576K
Event: 18082.689 GC heap after
Heap after GC invocations=145 (full 7):
 PSYoungGen      total 281088K, used 14876K [0x00000000e0000000, 0x00000000f3100000, 0x0000000100000000)
  eden space 252928K, 0% used [0x00000000e0000000,0x00000000e0000000,0x00000000ef700000)
  from space 28160K, 52% used [0x00000000f1580000,0x00000000f2407188,0x00000000f3100000)
  to   space 29696K, 0% used [0x00000000ef700000,0x00000000ef700000,0x00000000f1400000)
 ParOldGen       total 300544K, used 123802K [0x00000000a0000000, 0x00000000b2580000, 0x00000000e0000000)
  object space 300544K, 41% used [0x00000000a0000000,0x00000000a78e6950,0x00000000b2580000)
 Metaspace       used 105239K, capacity 112287K, committed 112408K, reserved 1146880K
  class space    used 13073K, capacity 14329K, committed 14384K, reserved 1048576K
}
Event: 18084.685 GC heap before
{Heap before GC invocations=146 (full 7):
 PSYoungGen      total 281088K, used 267804K [0x00000000e0000000, 0x00000000f3100000, 0x0000000100000000)
  eden space 252928K, 100% used [0x00000000e0000000,0x00000000ef700000,0x00000000ef700000)
  from space 28160K, 52% used [0x00000000f1580000,0x00000000f2407188,0x00000000f3100000)
  to   space 29696K, 0% used [0x00000000ef700000,0x00000000ef700000,0x00000000f1400000)
 ParOldGen       total 300544K, used 123802K [0x00000000a0000000, 0x00000000b2580000, 0x00000000e0000000)
  object space 300544K, 41% used [0x00000000a0000000,0x00000000a78e6950,0x00000000b2580000)
 Metaspace       used 105311K, capacity 112351K, committed 112664K, reserved 1146880K
  class space    used 13079K, capacity 14329K, committed 14384K, reserved 1048576K
Event: 18084.696 GC heap after
Heap after GC invocations=146 (full 7):
 PSYoungGen      total 282624K, used 13400K [0x00000000e0000000, 0x00000000f3100000, 0x0000000100000000)
  eden space 252928K, 0% used [0x00000000e0000000,0x00000000e0000000,0x00000000ef700000)
  from space 29696K, 45% used [0x00000000ef700000,0x00000000f0416098,0x00000000f1400000)
  to   space 28160K, 0% used [0x00000000f1580000,0x00000000f1580000,0x00000000f3100000)
 ParOldGen       total 300544K, used 124206K [0x00000000a0000000, 0x00000000b2580000, 0x00000000e0000000)
  object space 300544K, 41% used [0x00000000a0000000,0x00000000a794b9a8,0x00000000b2580000)
 Metaspace       used 105311K, capacity 112351K, committed 112664K, reserved 1146880K
  class space    used 13079K, capacity 14329K, committed 14384K, reserved 1048576K
}

