# JRE version: OpenJDK Runtime Environment (8.0_152-b01) (build 1.8.0_152-release-1248-b01)
# Java VM: OpenJDK 64-Bit Server VM (25.152-b01 mixed mode windows-amd64 compressed oops)
Heap:
 PSYoungGen      total 471040K, used 281365K [0x00000000e0000000, 0x00000000ffc80000, 0x0000000100000000)
  eden space 425472K, 61% used [0x00000000e0000000,0x00000000efe75110,0x00000000f9f80000)
  from space 45568K, 45% used [0x00000000fd000000,0x00000000fe450638,0x00000000ffc80000)
  to   space 47616K, 0% used [0x00000000f9f80000,0x00000000f9f80000,0x00000000fce00000)
 ParOldGen       total 266240K, used 154994K [0x00000000a0000000, 0x00000000b0400000, 0x00000000e0000000)
  object space 266240K, 58% used [0x00000000a0000000,0x00000000a975ca00,0x00000000b0400000)
 Metaspace       used 141829K, capacity 149975K, committed 150312K, reserved 1179648K
  class space    used 17636K, capacity 19105K, committed 19248K, reserved 1048576K
GC Heap History (10 events):
Event: 5972.123 GC heap before
{Heap before GC invocations=81 (full 5):
 PSYoungGen      total 487936K, used 454144K [0x00000000e0000000, 0x00000000fff00000, 0x0000000100000000)
  eden space 454144K, 100% used [0x00000000e0000000,0x00000000fbb80000,0x00000000fbb80000)
  from space 33792K, 0% used [0x00000000fbb80000,0x00000000fbb80000,0x00000000fdc80000)
  to   space 32768K, 0% used [0x00000000fdf00000,0x00000000fdf00000,0x00000000fff00000)
 ParOldGen       total 266240K, used 101723K [0x00000000a0000000, 0x00000000b0400000, 0x00000000e0000000)
  object space 266240K, 38% used [0x00000000a0000000,0x00000000a6356c18,0x00000000b0400000)
 Metaspace       used 140332K, capacity 147273K, committed 149160K, reserved 1179648K
  class space    used 17395K, capacity 18720K, committed 19120K, reserved 1048576K
Event: 5972.131 GC heap after
Heap after GC invocations=81 (full 5):
 PSYoungGen      total 489472K, used 3026K [0x00000000e0000000, 0x00000000ffe00000, 0x0000000100000000)
  eden space 457728K, 0% used [0x00000000e0000000,0x00000000e0000000,0x00000000fbf00000)
  from space 31744K, 9% used [0x00000000fdf00000,0x00000000fe1f48a8,0x00000000ffe00000)
  to   space 32256K, 0% used [0x00000000fbf00000,0x00000000fbf00000,0x00000000fde80000)
 ParOldGen       total 266240K, used 101723K [0x00000000a0000000, 0x00000000b0400000, 0x00000000e0000000)
  object space 266240K, 38% used [0x00000000a0000000,0x00000000a6356c18,0x00000000b0400000)
 Metaspace       used 140332K, capacity 147273K, committed 149160K, reserved 1179648K
  class space    used 17395K, capacity 18720K, committed 19120K, reserved 1048576K
}
Event: 5974.663 GC heap before
{Heap before GC invocations=82 (full 5):
 PSYoungGen      total 489472K, used 460754K [0x00000000e0000000, 0x00000000ffe00000, 0x0000000100000000)
  eden space 457728K, 100% used [0x00000000e0000000,0x00000000fbf00000,0x00000000fbf00000)
  from space 31744K, 9% used [0x00000000fdf00000,0x00000000fe1f48a8,0x00000000ffe00000)
  to   space 32256K, 0% used [0x00000000fbf00000,0x00000000fbf00000,0x00000000fde80000)
 ParOldGen       total 266240K, used 101723K [0x00000000a0000000, 0x00000000b0400000, 0x00000000e0000000)
  object space 266240K, 38% used [0x00000000a0000000,0x00000000a6356c18,0x00000000b0400000)
 Metaspace       used 140348K, capacity 147287K, committed 149160K, reserved 1179648K
  class space    used 17400K, capacity 18725K, committed 19120K, reserved 1048576K
Event: 5974.723 GC heap after
Heap after GC invocations=82 (full 5):
 PSYoungGen      total 489984K, used 32234K [0x00000000e0000000, 0x0000000100000000, 0x0000000100000000)
  eden space 457728K, 0% used [0x00000000e0000000,0x00000000e0000000,0x00000000fbf00000)
  from space 32256K, 99% used [0x00000000fbf00000,0x00000000fde7a918,0x00000000fde80000)
  to   space 34304K, 0% used [0x00000000fde80000,0x00000000fde80000,0x0000000100000000)
 ParOldGen       total 266240K, used 130059K [0x00000000a0000000, 0x00000000b0400000, 0x00000000e0000000)
  object space 266240K, 48% used [0x00000000a0000000,0x00000000a7f02d10,0x00000000b0400000)
 Metaspace       used 140348K, capacity 147287K, committed 149160K, reserved 1179648K
  class space    used 17400K, capacity 18725K, committed 19120K, reserved 1048576K
}
Event: 5980.905 GC heap before
{Heap before GC invocations=83 (full 5):
 PSYoungGen      total 489984K, used 489276K [0x00000000e0000000, 0x0000000100000000, 0x0000000100000000)
  eden space 457728K, 99% used [0x00000000e0000000,0x00000000fbe54a50,0x00000000fbf00000)
  from space 32256K, 99% used [0x00000000fbf00000,0x00000000fde7a918,0x00000000fde80000)
  to   space 34304K, 0% used [0x00000000fde80000,0x00000000fde80000,0x0000000100000000)
 ParOldGen       total 266240K, used 130059K [0x00000000a0000000, 0x00000000b0400000, 0x00000000e0000000)
  object space 266240K, 48% used [0x00000000a0000000,0x00000000a7f02d10,0x00000000b0400000)
 Metaspace       used 140383K, capacity 147317K, committed 149160K, reserved 1179648K
  class space    used 17407K, capacity 18732K, committed 19120K, reserved 1048576K
Event: 5980.943 GC heap after
Heap after GC invocations=83 (full 5):
 PSYoungGen      total 459264K, used 26946K [0x00000000e0000000, 0x0000000100000000, 0x0000000100000000)
  eden space 424960K, 0% used [0x00000000e0000000,0x00000000e0000000,0x00000000f9f00000)
  from space 34304K, 78% used [0x00000000fde80000,0x00000000ff8d0bd8,0x0000000100000000)
  to   space 49664K, 0% used [0x00000000f9f00000,0x00000000f9f00000,0x00000000fcf80000)
 ParOldGen       total 266240K, used 139992K [0x00000000a0000000, 0x00000000b0400000, 0x00000000e0000000)
  object space 266240K, 52% used [0x00000000a0000000,0x00000000a88b6178,0x00000000b0400000)
 Metaspace       used 140383K, capacity 147317K, committed 149160K, reserved 1179648K
  class space    used 17407K, capacity 18732K, committed 19120K, reserved 1048576K
}
Event: 5981.057 GC heap before
{Heap before GC invocations=84 (full 5):
 PSYoungGen      total 459264K, used 451473K [0x00000000e0000000, 0x0000000100000000, 0x0000000100000000)
  eden space 424960K, 99% used [0x00000000e0000000,0x00000000f9e93978,0x00000000f9f00000)
  from space 34304K, 78% used [0x00000000fde80000,0x00000000ff8d0bd8,0x0000000100000000)
  to   space 49664K, 0% used [0x00000000f9f00000,0x00000000f9f00000,0x00000000fcf80000)
 ParOldGen       total 266240K, used 139992K [0x00000000a0000000, 0x00000000b0400000, 0x00000000e0000000)
  object space 266240K, 52% used [0x00000000a0000000,0x00000000a88b6178,0x00000000b0400000)
 Metaspace       used 140383K, capacity 147317K, committed 149160K, reserved 1179648K
  class space    used 17407K, capacity 18732K, committed 19120K, reserved 1048576K
Event: 5981.070 GC heap after
Heap after GC invocations=84 (full 5):
 PSYoungGen      total 474624K, used 128K [0x00000000e0000000, 0x0000000100000000, 0x0000000100000000)
  eden space 424960K, 0% used [0x00000000e0000000,0x00000000e0000000,0x00000000f9f00000)
  from space 49664K, 0% used [0x00000000f9f00000,0x00000000f9f20000,0x00000000fcf80000)
  to   space 49152K, 0% used [0x00000000fd000000,0x00000000fd000000,0x0000000100000000)
 ParOldGen       total 266240K, used 154946K [0x00000000a0000000, 0x00000000b0400000, 0x00000000e0000000)
  object space 266240K, 58% used [0x00000000a0000000,0x00000000a9750a00,0x00000000b0400000)
 Metaspace       used 140383K, capacity 147317K, committed 149160K, reserved 1179648K
  class space    used 17407K, capacity 18732K, committed 19120K, reserved 1048576K
}
Event: 6180.770 GC heap before
{Heap before GC invocations=85 (full 5):
 PSYoungGen      total 474624K, used 424151K [0x00000000e0000000, 0x0000000100000000, 0x0000000100000000)
  eden space 424960K, 99% used [0x00000000e0000000,0x00000000f9e15fb8,0x00000000f9f00000)
  from space 49664K, 0% used [0x00000000f9f00000,0x00000000f9f20000,0x00000000fcf80000)
  to   space 49152K, 0% used [0x00000000fd000000,0x00000000fd000000,0x0000000100000000)
 ParOldGen       total 266240K, used 154946K [0x00000000a0000000, 0x00000000b0400000, 0x00000000e0000000)
  object space 266240K, 58% used [0x00000000a0000000,0x00000000a9750a00,0x00000000b0400000)
 Metaspace       used 141172K, capacity 148427K, committed 149672K, reserved 1179648K
  class space    used 17506K, capacity 18869K, committed 19120K, reserved 1048576K
Event: 6180.784 GC heap after
Heap after GC invocations=85 (full 5):
 PSYoungGen      total 471040K, used 20801K [0x00000000e0000000, 0x00000000ffc80000, 0x0000000100000000)
  eden space 425472K, 0% used [0x00000000e0000000,0x00000000e0000000,0x00000000f9f80000)
  from space 45568K, 45% used [0x00000000fd000000,0x00000000fe450638,0x00000000ffc80000)
  to   space 47616K, 0% used [0x00000000f9f80000,0x00000000f9f80000,0x00000000fce00000)
 ParOldGen       total 266240K, used 154994K [0x00000000a0000000, 0x00000000b0400000, 0x00000000e0000000)
  object space 266240K, 58% used [0x00000000a0000000,0x00000000a975ca00,0x00000000b0400000)
 Metaspace       used 141172K, capacity 148427K, committed 149672K, reserved 1179648K
  class space    used 17506K, capacity 18869K, committed 19120K, reserved 1048576K
}

